<?xml version="1.0" encoding="UTF-8"?>
<!-- Generated by org.testng.reporters.JUnitReportReporter -->
<testsuite name="TestCases.IndividualLead" tests="6" time="84.710" ignored="5" failures="0" timestamp="02 May 2017 12:20:14 GMT" skipped="0" hostname="Ishantk-DSG" errors="0">
  <testcase name="NavigatetoLead" time="6.594" classname="TestCases.IndividualLead"/>
  <testcase name="createApplicantLeadOnNewStage" time="17.361" classname="TestCases.IndividualLead"/>
  <testcase name="logOutwithCSE" time="0.335" classname="TestCases.IndividualLead"/>
  <testcase name="loginwithbranch" time="1.784" classname="TestCases.IndividualLead"/>
  <testcase name="FillCOApplicantLayout" time="16.689" classname="TestCases.IndividualLead"/>
  <testcase name="moveLeadToDocCollected" time="41.947" classname="TestCases.IndividualLead"/>
  <testcase name="takeactionByBM" classname="TestCases.IndividualLead">
    <skipped/>
  </testcase> <!-- takeactionByBM -->
  <testcase name="coapplicantLeadHandoff" classname="TestCases.IndividualLead">
    <skipped/>
  </testcase> <!-- coapplicantLeadHandoff -->
  <testcase name="LeadtoCustomerDedupe" classname="TestCases.IndividualLead">
    <skipped/>
  </testcase> <!-- LeadtoCustomerDedupe -->
  <testcase name="LeadtoLeadDedupe" classname="TestCases.IndividualLead">
    <skipped/>
  </testcase> <!-- LeadtoLeadDedupe -->
  <testcase name="LeadSearchonHome" classname="TestCases.IndividualLead">
    <skipped/>
  </testcase> <!-- LeadSearchonHome -->
</testsuite> <!-- TestCases.IndividualLead -->
